-----<hr>
(mysqli): BEGIN 
   
-----<hr>
-----<hr>
(mysqli): 
 INSERT INTO amt_member_cate_sale (
    member_seqno
   ,amt
   ,cate_sortcode
   ,cate_paper_mpcode
   ,cate_stan_mpcode
   ,cate_beforeside_print_mpcode
   ,cate_beforeside_add_print_mpcode
   ,cate_aftside_print_mpcode
   ,cate_aftside_add_print_mpcode
   ,rate
   ,aplc_price
 ) VALUES 
 ('1', '200', '001001001', '1', '1', '1', '0', '0', '0', '-60', '0'),
 ('1', '500', '001001001', '1', '1', '1', '0', '0', '0', '-60', '0'),
 ('1', '1000', '001001001', '1', '1', '1', '0', '0', '0', '-60', '0'),
 ('1', '1500', '001001001', '1', '1', '1', '0', '0', '0', '-60', '0'),
 ('1', '2000', '001001001', '1', '1', '1', '0', '0', '0', '-60', '0'),
 ('1', '200', '001001001', '1', '1', '2', '0', '0', '0', '-60', '0'),
 ('1', '500', '001001001', '1', '1', '2', '0', '0', '0', '-60', '0'),
 ('1', '1000', '001001001', '1', '1', '2', '0', '0', '0', '-60', '0'),
 ('1', '1500', '001001001', '1', '1', '2', '0', '0', '0', '-60', '0'),
 ('1', '2000', '001001001', '1', '1', '2', '0', '0', '0', '-60', '0'),
 ('1', '200', '001001001', '1', '1', '3', '0', '0', '0', '-60', '0'),
 ('1', '500', '001001001', '1', '1', '3', '0', '0', '0', '-60', '0'),
 ('1', '1000', '001001001', '1', '1', '3', '0', '0', '0', '-60', '0'),
 ('1', '1500', '001001001', '1', '1', '3', '0', '0', '0', '-60', '0'),
 ('1', '2000', '001001001', '1', '1', '3', '0', '0', '0', '-60', '0') 
   
-----<hr>
-----<hr>
(mysqli): COMMIT 
   
-----<hr>
Smart Commit occurred
